#! /usr/bin/vvp
:ivl_version "10.1 (stable)";
:ivl_delay_selection "TYPICAL";
:vpi_time_precision - 12;
:vpi_module "system";
:vpi_module "vhdl_sys";
:vpi_module "v2005_math";
:vpi_module "va_math";
S_0x556dda75f070 .scope module, "alu_top" "alu_top" 2 3;
 .timescale -9 -12;
    .port_info 0 /INPUT 1 "src1"
    .port_info 1 /INPUT 1 "src2"
    .port_info 2 /INPUT 1 "less"
    .port_info 3 /INPUT 1 "A_invert"
    .port_info 4 /INPUT 1 "B_invert"
    .port_info 5 /INPUT 1 "cin"
    .port_info 6 /INPUT 2 "operation"
    .port_info 7 /OUTPUT 1 "result"
    .port_info 8 /OUTPUT 1 "cout"
o0x7fdc9b345018 .functor BUFZ 1, C4<z>; HiZ drive
v0x556dda75f2d0_0 .net "A_invert", 0 0, o0x7fdc9b345018;  0 drivers
o0x7fdc9b345048 .functor BUFZ 1, C4<z>; HiZ drive
v0x556dda77ef50_0 .net "B_invert", 0 0, o0x7fdc9b345048;  0 drivers
v0x556dda77f010_0 .var "_src1", 0 0;
v0x556dda77f0b0_0 .var "_src2", 0 0;
o0x7fdc9b3450d8 .functor BUFZ 1, C4<z>; HiZ drive
v0x556dda77f170_0 .net "cin", 0 0, o0x7fdc9b3450d8;  0 drivers
v0x556dda77f280_0 .var "cout", 0 0;
o0x7fdc9b345138 .functor BUFZ 1, C4<z>; HiZ drive
v0x556dda77f340_0 .net "less", 0 0, o0x7fdc9b345138;  0 drivers
o0x7fdc9b345168 .functor BUFZ 2, C4<zz>; HiZ drive
v0x556dda77f400_0 .net "operation", 1 0, o0x7fdc9b345168;  0 drivers
v0x556dda77f4e0_0 .var "result", 0 0;
o0x7fdc9b3451c8 .functor BUFZ 1, C4<z>; HiZ drive
v0x556dda77f5a0_0 .net "src1", 0 0, o0x7fdc9b3451c8;  0 drivers
o0x7fdc9b3451f8 .functor BUFZ 1, C4<z>; HiZ drive
v0x556dda77f660_0 .net "src2", 0 0, o0x7fdc9b3451f8;  0 drivers
E_0x556dda7591a0/0 .event edge, v0x556dda77f5a0_0, v0x556dda77f660_0, v0x556dda75f2d0_0, v0x556dda77ef50_0;
E_0x556dda7591a0/1 .event edge, v0x556dda77f010_0, v0x556dda77f0b0_0, v0x556dda77f170_0, v0x556dda77f400_0;
E_0x556dda7591a0/2 .event edge, v0x556dda77f340_0;
E_0x556dda7591a0 .event/or E_0x556dda7591a0/0, E_0x556dda7591a0/1, E_0x556dda7591a0/2;
    .scope S_0x556dda75f070;
T_0 ;
    %wait E_0x556dda7591a0;
    %load/vec4 v0x556dda77f5a0_0;
    %store/vec4 v0x556dda77f010_0, 0, 1;
    %load/vec4 v0x556dda77f660_0;
    %store/vec4 v0x556dda77f0b0_0, 0, 1;
    %load/vec4 v0x556dda75f2d0_0;
    %flag_set/vec4 8;
    %jmp/0xz  T_0.0, 8;
    %load/vec4 v0x556dda77f5a0_0;
    %inv;
    %store/vec4 v0x556dda77f010_0, 0, 1;
T_0.0 ;
    %load/vec4 v0x556dda77ef50_0;
    %flag_set/vec4 8;
    %jmp/0xz  T_0.2, 8;
    %load/vec4 v0x556dda77f660_0;
    %inv;
    %store/vec4 v0x556dda77f0b0_0, 0, 1;
T_0.2 ;
    %load/vec4 v0x556dda77f010_0;
    %pad/u 2;
    %load/vec4 v0x556dda77f0b0_0;
    %pad/u 2;
    %add;
    %load/vec4 v0x556dda77f170_0;
    %pad/u 2;
    %add;
    %split/vec4 1;
    %store/vec4 v0x556dda77f4e0_0, 0, 1;
    %store/vec4 v0x556dda77f280_0, 0, 1;
    %load/vec4 v0x556dda77f400_0;
    %cmpi/e 0, 0, 2;
    %jmp/0xz  T_0.4, 4;
    %load/vec4 v0x556dda77f010_0;
    %load/vec4 v0x556dda77f0b0_0;
    %and;
    %store/vec4 v0x556dda77f4e0_0, 0, 1;
    %jmp T_0.5;
T_0.4 ;
    %load/vec4 v0x556dda77f400_0;
    %cmpi/e 1, 0, 2;
    %jmp/0xz  T_0.6, 4;
    %load/vec4 v0x556dda77f010_0;
    %load/vec4 v0x556dda77f0b0_0;
    %or;
    %store/vec4 v0x556dda77f4e0_0, 0, 1;
    %jmp T_0.7;
T_0.6 ;
    %load/vec4 v0x556dda77f400_0;
    %cmpi/e 2, 0, 2;
    %jmp/0xz  T_0.8, 4;
    %load/vec4 v0x556dda77f010_0;
    %pad/u 2;
    %load/vec4 v0x556dda77f0b0_0;
    %pad/u 2;
    %add;
    %load/vec4 v0x556dda77f170_0;
    %pad/u 2;
    %add;
    %split/vec4 1;
    %store/vec4 v0x556dda77f4e0_0, 0, 1;
    %store/vec4 v0x556dda77f280_0, 0, 1;
    %jmp T_0.9;
T_0.8 ;
    %load/vec4 v0x556dda77f400_0;
    %cmpi/e 3, 0, 2;
    %jmp/0xz  T_0.10, 4;
    %load/vec4 v0x556dda77f340_0;
    %store/vec4 v0x556dda77f4e0_0, 0, 1;
T_0.10 ;
T_0.9 ;
T_0.7 ;
T_0.5 ;
    %jmp T_0;
    .thread T_0, $push;
# The file index is used to find the file name in the following table.
:file_names 3;
    "N/A";
    "<interactive>";
    "alu_top.v";
